INFO	2021-07-31 10:48:35,485	9370	EmployeeApp	[main]	Welcome to Create Account Section
INFO	2021-07-31 10:48:50,363	24248	EmployeeApp	[main]	 Employee Id 1 with employee Name as e created successfully!
INFO	2021-07-31 10:48:53,745	27630	EmployeeApp	[main]	Welcome to View Account Section
INFO	2021-07-31 10:48:57,824	31709	EmployeeApp	[main]	Welocme to Delete Account section
INFO	2021-07-31 10:49:00,199	34084	EmployeeApp	[main]	Account :1 deleted Successfully
INFO	2021-07-31 10:49:01,797	35682	EmployeeApp	[main]	Welcome to View Account Section
ERROR	2021-07-31 10:49:02,235	36120	EmployeeDAOImpl	[main]	Account No :1 Doesn't found
INFO	2021-07-31 10:49:06,687	40572	EmployeeApp	[main]	Welocme to Update Account section
ERROR	2021-07-31 10:49:08,049	41934	EmployeeDAOImpl	[main]	Account No: 1 Doesn't Exsits
INFO	2021-07-31 10:49:13,526	47411	EmployeeApp	[main]	Welocme to Delete Account section
ERROR	2021-07-31 10:49:13,923	47808	EmployeeDAOImpl	[main]	Account No: 1 Doesn't Exsits
INFO	2021-07-31 10:49:16,091	49976	EmployeeApp	[main]	Welcome to View Account Section
ERROR	2021-07-31 10:49:16,537	50422	EmployeeDAOImpl	[main]	Account No :1 Doesn't found
INFO	2021-07-31 10:49:19,553	53438	EmployeeApp	[main]	Thank You for using app :)

..
INFO	2021-08-01 13:29:26,134	0	EmployeeApp	[main]	Enter Type ( USER -U/ EMPLOYEE- E)
INFO	2021-08-01 13:29:38,259	0	EmployeeApp	[main]	Enter Type ( USER -U/ EMPLOYEE- E)
INFO	2021-08-01 13:29:53,644	0	EmployeeApp	[main]	Enter Type ( USER -U/ EMPLOYEE- E)
ERROR	2021-08-01 13:31:40,140	106496	UserDAOImpl	[main]	Account No :1 Doesn't found
ERROR	2021-08-01 13:33:17,217	203573	UserDAOImpl	[main]	Account No :4 Doesn't found
INFO	2021-08-01 13:36:30,597	0	EmployeeApp	[main]	Enter Type ( USER -U/ EMPLOYEE- E)
INFO	2021-08-01 13:36:35,577	4980	EmployeeApp	[main]	Welcome to Create Account Section
INFO	2021-08-01 13:36:42,987	12390	EmployeeApp	[main]	 Employee Id 1 with employee Name as E created successfully!
INFO	2021-08-01 13:42:22,107	0	EmployeeApp	[main]	Enter Type ( USER -U/ EMPLOYEE- E)
INFO	2021-08-01 13:45:19,352	0	EmployeeApp	[main]	Enter Type ( USER -U/ EMPLOYEE- E)
INFO	2021-08-01 13:45:36,766	17414	EmployeeApp	[main]	Enter Type ( USER -U/ EMPLOYEE- E)
ERROR	2021-08-01 13:45:44,491	25139	EmployeeDAOImpl	[main]	Account No :1 Doesn't found
INFO	2021-08-01 13:46:01,354	42002	EmployeeApp	[main]	Thank You for using app :)
INFO	2021-08-01 13:46:25,793	0	EmployeeApp	[main]	Enter Type ( USER -U/ EMPLOYEE- E)
INFO	2021-08-01 13:46:50,853	25060	EmployeeApp	[main]	Enter Type ( USER -U/ EMPLOYEE- E)
ERROR	2021-08-01 13:46:58,278	32485	EmployeeDAOImpl	[main]	Account No :1 Doesn't found
INFO	2021-08-01 13:49:07,656	16	EmployeeApp	[main]	Enter Type ( USER -U/ EMPLOYEE- E)
INFO	2021-08-01 13:49:33,073	25433	EmployeeApp	[main]	Enter Type ( USER -U/ EMPLOYEE- E)
INFO	2021-08-01 13:50:21,785	0	EmployeeApp	[main]	Enter Type ( USER -U/ EMPLOYEE- E)
INFO	2021-08-01 13:50:29,847	0	EmployeeApp	[main]	Enter Type ( USER -U/ EMPLOYEE- E)
INFO	2021-08-01 13:50:47,690	17843	EmployeeApp	[main]	Enter Type ( USER -U/ EMPLOYEE- E)
INFO	2021-08-01 13:50:50,122	20275	EmployeeApp	[main]	Welcome to Create Account Section
INFO	2021-08-01 13:50:56,779	26932	EmployeeApp	[main]	 Employee Id 1 with employee Name as 1 created successfully!
INFO	2021-08-01 13:50:59,392	29545	EmployeeApp	[main]	Welcome to View Account Section
INFO	2021-08-01 13:55:40,399	0	EmployeeApp	[main]	Enter Type ( USER -U/ EMPLOYEE- E)
INFO	2021-08-01 13:55:44,198	3799	EmployeeApp	[main]	Welocme to Update Account section
ERROR	2021-08-01 13:55:45,260	4861	EmployeeDAOImpl	[main]	Account No: 1 Doesn't Exsits
INFO	2021-08-02 21:34:15,195	0	EmployeeApp	[main]	Enter Type ( USER -U/ EMPLOYEE- E)
